{
  "stats": {
    "suites": 1,
    "tests": 12,
    "passes": 12,
    "pending": 0,
    "failures": 0,
    "start": "2023-06-12T10:25:35.582Z",
    "end": "2023-06-12T10:27:30.779Z",
    "duration": 115197,
    "testsRegistered": 12,
    "passPercent": 100,
    "pendingPercent": 0,
    "other": 0,
    "hasOther": false,
    "skipped": 0,
    "hasSkipped": false
  },
  "results": [
    {
      "uuid": "02175963-a23b-47fe-ac10-7f4dce7d0270",
      "title": "",
      "fullFile": "cypress/integration/E2E/cart.spec.js",
      "file": "cypress/integration/E2E/cart.spec.js",
      "beforeHooks": [],
      "afterHooks": [],
      "tests": [],
      "suites": [
        {
          "uuid": "40fc3ac6-b4f9-4332-bc64-476cfc532111",
          "title": "Cart actions suite",
          "fullFile": "",
          "file": "",
          "beforeHooks": [],
          "afterHooks": [],
          "tests": [
            {
              "title": "Can add chair to cart from Header Menu",
              "fullTitle": "Cart actions suite Can add chair to cart from Header Menu",
              "timedOut": null,
              "duration": 16923,
              "state": "passed",
              "speed": "slow",
              "pass": true,
              "fail": false,
              "pending": false,
              "context": null,
              "code": "_navbar.default.clickChairs();\n_ProductsPage.default.isLoaded();\n_ProductsPage.default.clickOnProduct(chairsData.product01);\n_ProductDetailsPage.default.isLoaded();\n_ProductDetailsPage.default.clickAddToCart();\n_navbar.default.verifyCartCount('(1)');",
              "err": {},
              "uuid": "d98018ea-3b61-4d06-aadf-1b830585dd1b",
              "parentUUID": "40fc3ac6-b4f9-4332-bc64-476cfc532111",
              "isHook": false,
              "skipped": false
            },
            {
              "title": "Can add chair to cart from Body Categories",
              "fullTitle": "Cart actions suite Can add chair to cart from Body Categories",
              "timedOut": null,
              "duration": 4708,
              "state": "passed",
              "speed": "fast",
              "pass": true,
              "fail": false,
              "pending": false,
              "context": null,
              "code": "_navbar.default.clickLogo();\n_HomePage.default.isLoaded();\n_HomePage.default.clickChairsCard();\n_ProductsPage.default.isLoaded();\n_ProductsPage.default.clickOnProduct(chairsData.product02);\n_ProductDetailsPage.default.isLoaded();\n_ProductDetailsPage.default.clickAddToCart();\n_navbar.default.verifyCartCount('(1)');",
              "err": {},
              "uuid": "b1bfbb25-63df-4585-ada2-6826d5337c6e",
              "parentUUID": "40fc3ac6-b4f9-4332-bc64-476cfc532111",
              "isHook": false,
              "skipped": false
            },
            {
              "title": "Can add chair to cart from Footer Menu",
              "fullTitle": "Cart actions suite Can add chair to cart from Footer Menu",
              "timedOut": null,
              "duration": 3780,
              "state": "passed",
              "speed": "fast",
              "pass": true,
              "fail": false,
              "pending": false,
              "context": null,
              "code": "_footer.default.clickChairs();\n_ProductsPage.default.isLoaded();\n_ProductsPage.default.clickOnProduct(chairsData.product03);\n_ProductDetailsPage.default.isLoaded();\n_ProductDetailsPage.default.clickAddToCart();\n_navbar.default.verifyCartCount('(1)');",
              "err": {},
              "uuid": "c810947c-4c0f-4228-8204-06a179785af0",
              "parentUUID": "40fc3ac6-b4f9-4332-bc64-476cfc532111",
              "isHook": false,
              "skipped": false
            },
            {
              "title": "Can see same name & price in cart page as in detailed view",
              "fullTitle": "Cart actions suite Can see same name & price in cart page as in detailed view",
              "timedOut": null,
              "duration": 6213,
              "state": "passed",
              "speed": "medium",
              "pass": true,
              "fail": false,
              "pending": false,
              "context": null,
              "code": "_navbar.default.clickChairs();\n_ProductsPage.default.clickOnProduct(chairsData.product04);\ncy.then(() => {\n  _ProductDetailsPage.default.invokeProductNameText();\n  _ProductDetailsPage.default.invokeProductPriceText();\n  _ProductDetailsPage.default.clickAddToCart();\n  _navbar.default.verifyCartCount('(1)');\n  _navbar.default.clickCart();\n}).then(() => {\n  _CartPage.default.verifyProductName(this.expectedName);\n  _CartPage.default.verifyProductPrice(this.expectedPrice);\n});",
              "err": {},
              "uuid": "c871d0dc-09c9-4337-a62c-b2b723c7545d",
              "parentUUID": "40fc3ac6-b4f9-4332-bc64-476cfc532111",
              "isHook": false,
              "skipped": false
            },
            {
              "title": "Can see same chair image in cart as in detailed page",
              "fullTitle": "Cart actions suite Can see same chair image in cart as in detailed page",
              "timedOut": null,
              "duration": 6192,
              "state": "passed",
              "speed": "medium",
              "pass": true,
              "fail": false,
              "pending": false,
              "context": null,
              "code": "_navbar.default.clickChairs();\n_ProductsPage.default.clickOnProduct(chairsData.product05);\n_ProductDetailsPage.default.clickAddToCart();\ncy.get(_ProductDetailsPage.default.productImage).invoke('attr', 'src').then($expectedImage => {\n  _navbar.default.clickCart();\n  cy.get(_CartPage.default.productImage).invoke('attr', 'src').then($actualImage => {\n    expect($actualImage).to.equal($expectedImage);\n  });\n});",
              "err": {},
              "uuid": "52832fa0-f577-4207-a966-2d9c11c617f2",
              "parentUUID": "40fc3ac6-b4f9-4332-bc64-476cfc532111",
              "isHook": false,
              "skipped": false
            },
            {
              "title": "Can see same multiple chair images in cart as in detailed page",
              "fullTitle": "Cart actions suite Can see same multiple chair images in cart as in detailed page",
              "timedOut": null,
              "duration": 17015,
              "state": "passed",
              "speed": "slow",
              "pass": true,
              "fail": false,
              "pending": false,
              "context": null,
              "code": "_navbar.default.clickChairs();\n_ProductsPage.default.clickOnProduct(chairsData.product01);\n_ProductDetailsPage.default.clickAddToCart();\ncy.get(_ProductDetailsPage.default.productImage).invoke('attr', 'src').then($expectedImage => {\n  _navbar.default.clickCart();\n  cy.get(_CartPage.default.productImage).invoke('attr', 'src').then($actualImage => {\n    expect($actualImage).to.equal($expectedImage);\n    _CartPage.default.removeOneQuantity();\n  }).then(function () {\n    _navbar.default.clickChairs();\n    _ProductsPage.default.isLoaded();\n    _ProductsPage.default.clickOnProduct(chairsData.product04);\n    _ProductDetailsPage.default.clickAddToCart();\n    cy.get(_ProductDetailsPage.default.productImage).invoke('attr', 'src').then($expectedImage01 => {\n      _navbar.default.clickCart();\n      cy.get(_CartPage.default.productImage).invoke('attr', 'src').then($actualImage01 => {\n        expect($actualImage01).to.equal($expectedImage01);\n      });\n    });\n  });\n});",
              "err": {},
              "uuid": "053bf0b5-efb9-4d96-bf34-ec5110b6317a",
              "parentUUID": "40fc3ac6-b4f9-4332-bc64-476cfc532111",
              "isHook": false,
              "skipped": false
            },
            {
              "title": "Can see cart count updating correctly in navbar",
              "fullTitle": "Cart actions suite Can see cart count updating correctly in navbar",
              "timedOut": null,
              "duration": 10983,
              "state": "passed",
              "speed": "slow",
              "pass": true,
              "fail": false,
              "pending": false,
              "context": null,
              "code": "_navbar.default.clickChairs();\n_ProductsPage.default.clickOnProduct(chairsData.product06);\n_ProductDetailsPage.default.clickAddToCart();\n_navbar.default.verifyCartCount('(1)');\n_navbar.default.clickCart();\n_CartPage.default.isLoaded();\n_CartPage.default.addOneQuantity();\n_navbar.default.verifyCartCount('(2)');\n_CartPage.default.removeOneQuantity();\n_navbar.default.verifyCartCount('(1)');",
              "err": {},
              "uuid": "c7653104-9cd1-462f-b4c9-daaa722ac1c1",
              "parentUUID": "40fc3ac6-b4f9-4332-bc64-476cfc532111",
              "isHook": false,
              "skipped": false
            },
            {
              "title": "Can increase and decrease quantity in cart page",
              "fullTitle": "Cart actions suite Can increase and decrease quantity in cart page",
              "timedOut": null,
              "duration": 5601,
              "state": "passed",
              "speed": "medium",
              "pass": true,
              "fail": false,
              "pending": false,
              "context": null,
              "code": "_navbar.default.clickChairs();\n_ProductsPage.default.clickOnProduct(chairsData.product07);\n_ProductDetailsPage.default.clickAddToCart();\n_navbar.default.clickCart();\n_CartPage.default.verifyProductCounter('1');\n_CartPage.default.addOneQuantity();\n_CartPage.default.addOneQuantity();\n_CartPage.default.verifyProductCounter('3');\n_CartPage.default.removeOneQuantity();\n_CartPage.default.verifyProductCounter('2');",
              "err": {},
              "uuid": "bd7e28b5-c252-4021-9c71-e686918b8006",
              "parentUUID": "40fc3ac6-b4f9-4332-bc64-476cfc532111",
              "isHook": false,
              "skipped": false
            },
            {
              "title": "Can add multiple IN STOCK chairs to cart",
              "fullTitle": "Cart actions suite Can add multiple IN STOCK chairs to cart",
              "timedOut": null,
              "duration": 15269,
              "state": "passed",
              "speed": "slow",
              "pass": true,
              "fail": false,
              "pending": false,
              "context": null,
              "code": "_navbar.default.clickChairs();\n_ProductsPage.default.clickOnProduct(chairsData.product01);\n_ProductDetailsPage.default.clickAddToCart();\n_navbar.default.clickChairs();\n_ProductsPage.default.clickOnProduct(chairsData.product03);\n_ProductDetailsPage.default.clickAddToCart();\n_navbar.default.verifyCartCount('(2)');\n_navbar.default.clickCart();\n_CartPage.default.isLoaded();",
              "err": {},
              "uuid": "d50a3266-3891-45d9-a43b-57b016e11d45",
              "parentUUID": "40fc3ac6-b4f9-4332-bc64-476cfc532111",
              "isHook": false,
              "skipped": false
            },
            {
              "title": "Can see SOLD OUT msg when trying to add sold-out chair to cart",
              "fullTitle": "Cart actions suite Can see SOLD OUT msg when trying to add sold-out chair to cart",
              "timedOut": null,
              "duration": 4479,
              "state": "passed",
              "speed": "fast",
              "pass": true,
              "fail": false,
              "pending": false,
              "context": null,
              "code": "_navbar.default.clickChairs();\n_ProductsPage.default.isLoaded();\n_ProductsPage.default.clickOnProduct(chairsData.product08);\n_ProductsPage.default.verifySoldOutMessage();",
              "err": {},
              "uuid": "bc1cd064-20ed-4796-95ab-3ccc7ed4991c",
              "parentUUID": "40fc3ac6-b4f9-4332-bc64-476cfc532111",
              "isHook": false,
              "skipped": false
            },
            {
              "title": "Can continue to shop from SOLD OUT message popup",
              "fullTitle": "Cart actions suite Can continue to shop from SOLD OUT message popup",
              "timedOut": null,
              "duration": 7809,
              "state": "passed",
              "speed": "medium",
              "pass": true,
              "fail": false,
              "pending": false,
              "context": null,
              "code": "_HomePage.default.load();\n_navbar.default.clickChairs();\n_ProductsPage.default.clickOnProduct(chairsData.product09);\n_ProductsPage.default.verifySoldOutMessage();\ncy.isVisible(_ProductsPage.default.soldOutModalContinueButton);\n_ProductsPage.default.clickSoldOutContinue();\ncy.isVisible(_ProductsPage.default.productsPageLayout);",
              "err": {},
              "uuid": "f40c979d-8a1f-4587-878b-c502ea25eacd",
              "parentUUID": "40fc3ac6-b4f9-4332-bc64-476cfc532111",
              "isHook": false,
              "skipped": false
            },
            {
              "title": "Can remove chair from cart and see empty cart message",
              "fullTitle": "Cart actions suite Can remove chair from cart and see empty cart message",
              "timedOut": null,
              "duration": 14367,
              "state": "passed",
              "speed": "slow",
              "pass": true,
              "fail": false,
              "pending": false,
              "context": null,
              "code": "_navbar.default.clickChairs();\n_ProductsPage.default.isLoaded();\n_ProductsPage.default.clickOnProduct(chairsData.product02);\n_ProductDetailsPage.default.clickAddToCart();\n_navbar.default.clickCart();\n_CartPage.default.isLoaded();\n_CartPage.default.removeOneQuantity();\n_CartPage.default.verifyEmptyCartMessage();",
              "err": {},
              "uuid": "a6a04937-0d8e-42a2-880a-1039b42d51d3",
              "parentUUID": "40fc3ac6-b4f9-4332-bc64-476cfc532111",
              "isHook": false,
              "skipped": false
            }
          ],
          "suites": [],
          "passes": [
            "d98018ea-3b61-4d06-aadf-1b830585dd1b",
            "b1bfbb25-63df-4585-ada2-6826d5337c6e",
            "c810947c-4c0f-4228-8204-06a179785af0",
            "c871d0dc-09c9-4337-a62c-b2b723c7545d",
            "52832fa0-f577-4207-a966-2d9c11c617f2",
            "053bf0b5-efb9-4d96-bf34-ec5110b6317a",
            "c7653104-9cd1-462f-b4c9-daaa722ac1c1",
            "bd7e28b5-c252-4021-9c71-e686918b8006",
            "d50a3266-3891-45d9-a43b-57b016e11d45",
            "bc1cd064-20ed-4796-95ab-3ccc7ed4991c",
            "f40c979d-8a1f-4587-878b-c502ea25eacd",
            "a6a04937-0d8e-42a2-880a-1039b42d51d3"
          ],
          "failures": [],
          "pending": [],
          "skipped": [],
          "duration": 113339,
          "root": false,
          "rootEmpty": false,
          "_timeout": 2000
        }
      ],
      "passes": [],
      "failures": [],
      "pending": [],
      "skipped": [],
      "duration": 0,
      "root": true,
      "rootEmpty": true,
      "_timeout": 2000
    }
  ],
  "meta": {
    "mocha": {
      "version": "7.0.1"
    },
    "mochawesome": {
      "options": {
        "quiet": false,
        "reportFilename": "mochawesome",
        "saveHtml": false,
        "saveJson": true,
        "consoleReporter": "spec",
        "useInlineDiffs": false,
        "code": true
      },
      "version": "7.1.3"
    },
    "marge": {
      "options": {
        "reportDir": "cypress/report/mochawesome-report",
        "html": false,
        "overwrite": false,
        "json": true,
        "charts": true,
        "reportPageTitle": "Shopist.io Report",
        "embeddedScreenshots": true
      },
      "version": "6.2.0"
    }
  }
}