{
  "stats": {
    "suites": 1,
    "tests": 1,
    "passes": 0,
    "pending": 0,
    "failures": 1,
    "start": "2023-06-12T10:29:03.895Z",
    "end": "2023-06-12T10:29:32.277Z",
    "duration": 28382,
    "testsRegistered": 1,
    "passPercent": 0,
    "pendingPercent": 0,
    "other": 0,
    "hasOther": false,
    "skipped": 0,
    "hasSkipped": false
  },
  "results": [
    {
      "uuid": "7113c290-a52a-47b0-bfa0-a6cd88d8713f",
      "title": "",
      "fullFile": "cypress/integration/invoke/invoke-test.spec.js",
      "file": "cypress/integration/invoke/invoke-test.spec.js",
      "beforeHooks": [],
      "afterHooks": [],
      "tests": [],
      "suites": [
        {
          "uuid": "a53c5650-8005-4f78-928c-ee8b598e8a6f",
          "title": "descripe test scripts",
          "fullFile": "",
          "file": "",
          "beforeHooks": [],
          "afterHooks": [],
          "tests": [
            {
              "title": "invoke te remove target attribute",
              "fullTitle": "descripe test scripts invoke te remove target attribute",
              "timedOut": null,
              "duration": 10282,
              "state": "failed",
              "speed": null,
              "pass": false,
              "fail": true,
              "pending": false,
              "context": null,
              "code": "cy.get('#simpleLink').invoke('removeAttr', 'target');\ncy.get('#simpleLink').click();\ncy.location().then(yieldedObject => cy.log(yieldedObject.href));",
              "err": {
                "message": "AssertionError: Timed out retrying after 6000ms: Expected to find element: `#simpleLink`, but never found it.",
                "estack": "AssertionError: Timed out retrying after 6000ms: Expected to find element: `#simpleLink`, but never found it.\n    at Context.eval (https://www.shopist.io/__cypress/tests?p=cypress\\integration\\invoke\\invoke-test.spec.js:104:8)",
                "diff": null
              },
              "uuid": "6da7463e-2c79-4830-b851-46ae2e65fad3",
              "parentUUID": "a53c5650-8005-4f78-928c-ee8b598e8a6f",
              "isHook": false,
              "skipped": false
            }
          ],
          "suites": [],
          "passes": [],
          "failures": [
            "6da7463e-2c79-4830-b851-46ae2e65fad3"
          ],
          "pending": [],
          "skipped": [],
          "duration": 10282,
          "root": false,
          "rootEmpty": false,
          "_timeout": 2000
        }
      ],
      "passes": [],
      "failures": [],
      "pending": [],
      "skipped": [],
      "duration": 0,
      "root": true,
      "rootEmpty": true,
      "_timeout": 2000
    }
  ],
  "meta": {
    "mocha": {
      "version": "7.0.1"
    },
    "mochawesome": {
      "options": {
        "quiet": false,
        "reportFilename": "mochawesome",
        "saveHtml": false,
        "saveJson": true,
        "consoleReporter": "spec",
        "useInlineDiffs": false,
        "code": true
      },
      "version": "7.1.3"
    },
    "marge": {
      "options": {
        "reportDir": "cypress/report/mochawesome-report",
        "html": false,
        "overwrite": false,
        "json": true,
        "charts": true,
        "reportPageTitle": "Shopist.io Report",
        "embeddedScreenshots": true
      },
      "version": "6.2.0"
    }
  }
}